<?xml version="1.0" encoding="UTF-8"?>
<testng-results skipped="0" failed="0" ignored="0" total="1" passed="1">
  <reporter-output>
  </reporter-output>
  <suite name="Default suite" duration-ms="2501" started-at="2020-04-19T04:32:57Z" finished-at="2020-04-19T04:32:59Z">
    <groups>
    </groups>
    <test name="Default test" duration-ms="2501" started-at="2020-04-19T04:32:57Z" finished-at="2020-04-19T04:32:59Z">
      <class name="Basic4">
        <test-method status="PASS" signature="getData()[pri:0, instance:Basic4@1e88b3c]" name="getData" is-config="true" duration-ms="16" started-at="2020-04-19T04:32:57Z" finished-at="2020-04-19T04:32:57Z">
          <reporter-output>
          </reporter-output>
        </test-method> <!-- getData -->
        <test-method status="PASS" signature="CreateIssue()[pri:0, instance:Basic4@1e88b3c]" name="CreateIssue" duration-ms="2461" started-at="2020-04-19T04:32:57Z" finished-at="2020-04-19T04:32:59Z">
          <reporter-output>
          </reporter-output>
        </test-method> <!-- CreateIssue -->
      </class> <!-- Basic4 -->
    </test> <!-- Default test -->
  </suite> <!-- Default suite -->
</testng-results>
